=== Nova tentativa de login ===
Username recebido: admin
Senha recebida (comprimento): 8
Usuário encontrado no banco: Sim
Hash armazenado: $2y$10$HY.vJLLRmj9pxnGzxXZtb.g.KG3.g9YEoRGR9I7T/tE51tHR4PCa6
Resultado da verificação da senha: Falha
Login falhou. Redirecionando para index com erro.
=== Nova tentativa de login ===
Username recebido: admin
Senha recebida (comprimento): 8
Usuário encontrado no banco: Sim
Hash armazenado: $2y$10$6qB3ezVvwNQvYu1QHD.hXuWFzqGwwXOQwLWxr3S.D7dMEL6cFJOtC
Resultado da verificação da senha: Falha
Login falhou. Redirecionando para index com erro.
=== Nova tentativa de login ===
Username recebido: admin
Senha recebida (comprimento): 8
Usuário encontrado no banco: Sim
Hash armazenado: $2y$10$GQzZQynVyBLabf270GjcZ.PnJ4Vy6B8YaMiz9mGmdbnT7xy5MawBS
Resultado da verificação da senha: Sucesso
Login bem-sucedido. Redirecionando para dashboard.
